2026-03-22 23:44:20,849 [INFO] ============================================================
2026-03-22 23:44:20,905 [INFO]   Brugada Classic ML Pipeline v2 (Full Dataset)
2026-03-22 23:44:21,034 [INFO] ============================================================
2026-03-22 23:44:21,155 [INFO] Metadata loaded: 363 patients (76 Brugada, 287 Normal)
2026-03-22 23:44:21,175 [INFO] [Cache] Extracting features for all records (this takes a while)...
2026-03-23 00:00:46,951 [INFO] Extraction complete: 363 success, skipped: {}
2026-03-23 00:00:54,218 [INFO] [Cache] Saved 390 beats to extracted_features_all_leads.csv
2026-03-23 00:00:54,227 [INFO] Total beats: 390 | Patients: 209
2026-03-23 00:00:54,228 [INFO] 
============================================================
2026-03-23 00:00:54,228 [INFO]   Layer 1: Rule-Based ST Filter
2026-03-23 00:00:54,229 [INFO] ============================================================
2026-03-23 00:00:58,813 [INFO] [Layer 1] Patient-level Brugada recall: 74.29%
2026-03-23 00:00:58,815 [INFO] 
============================================================
2026-03-23 00:00:58,816 [INFO]   Representative Beat Selection
2026-03-23 00:00:58,823 [INFO] ============================================================
2026-03-23 00:02:07,149 [INFO] 
============================================================
2026-03-23 00:02:07,150 [INFO]   Lead Combination Sweep (Fast RF)
2026-03-23 00:02:07,150 [INFO] ============================================================
2026-03-23 00:02:09,358 [INFO]   V1                    Patient F1 = 0.2505
2026-03-23 00:02:11,072 [INFO]   V2                    Patient F1 = 0.4300
2026-03-23 00:02:12,784 [INFO]   V3                    Patient F1 = 0.1227
2026-03-23 00:02:14,574 [INFO]   V1_V2                 Patient F1 = 0.3449
2026-03-23 00:02:16,355 [INFO]   V1_V3                 Patient F1 = 0.2300
2026-03-23 00:02:18,098 [INFO]   V2_V3                 Patient F1 = 0.3086
2026-03-23 00:02:19,887 [INFO]   right_precordial      Patient F1 = 0.2991
2026-03-23 00:02:21,824 [INFO]   precordial            Patient F1 = 0.1389
2026-03-23 00:02:23,847 [INFO]   limb                  Patient F1 = 0.1944
2026-03-23 00:02:25,659 [INFO]   V1_V2_aVR             Patient F1 = 0.3416
2026-03-23 00:02:28,074 [INFO]   all_12                Patient F1 = 0.1500
2026-03-23 00:02:28,074 [INFO] 
[LeadSweep] WINNER: V2 (F1=0.4300)
2026-03-23 00:02:28,075 [INFO]   V2                    0.4300
2026-03-23 00:02:28,075 [INFO]   V1_V2                 0.3449
2026-03-23 00:02:28,076 [INFO]   V1_V2_aVR             0.3416
2026-03-23 00:02:28,076 [INFO]   V2_V3                 0.3086
2026-03-23 00:02:28,076 [INFO]   right_precordial      0.2991
2026-03-23 00:02:28,077 [INFO]   V1                    0.2505
2026-03-23 00:02:28,077 [INFO]   V1_V3                 0.2300
2026-03-23 00:02:28,078 [INFO]   limb                  0.1944
2026-03-23 00:02:28,078 [INFO]   all_12                0.1500
2026-03-23 00:02:28,078 [INFO]   precordial            0.1389
2026-03-23 00:02:28,079 [INFO]   V3                    0.1227
2026-03-23 00:02:28,461 [INFO] Saved figures/lead_combo_ranking.png
2026-03-23 00:02:28,462 [INFO] 
============================================================
2026-03-23 00:02:28,463 [INFO]   Multi-Model Benchmark on V2
2026-03-23 00:02:28,463 [INFO] ============================================================
2026-03-23 00:02:28,469 [INFO] Train: 292 beats | Test: 126 beats
2026-03-23 00:02:28,471 [INFO] 
==================================================
2026-03-23 00:02:28,475 [INFO] Running LIGHTGBM...
2026-03-23 00:03:08,307 [INFO] 
==================================================
2026-03-23 00:03:08,309 [INFO] Running XGBOOST...
2026-03-23 00:03:21,574 [INFO] 
==================================================
2026-03-23 00:03:21,575 [INFO] Running RANDOM_FOREST...
2026-03-23 00:03:32,540 [INFO] 
==================================================
2026-03-23 00:03:32,541 [INFO] Running SVM...
2026-03-23 00:03:35,315 [INFO] 
==================================================
2026-03-23 00:03:35,317 [INFO] Running KNN...
2026-03-23 00:03:37,583 [INFO] 
============================================================
2026-03-23 00:03:37,590 [INFO]   Benchmark Summary
2026-03-23 00:03:37,592 [INFO] ============================================================
2026-03-23 00:03:37,606 [INFO] 
        model  threshold  elapsed_s
     lightgbm   0.782281  39.786099
      xgboost   0.668729  13.205637
random_forest   0.519546  10.904275
          svm   0.251739   2.719147
          knn   0.853955   2.213973
2026-03-23 00:03:37,611 [INFO] 
Pipeline complete.
